4/11/2018 6:01:04 PM
GetProfileEntry Breakpoint Settings CouchUrl
4/11/2018 6:02:48 PM
GetProfileEntry Breakpoint Settings Untouched Timeout In Minutes
4/11/2018 6:02:52 PM
GetProfileEntry Breakpoint Settings Open Or Attempted Timeout In Minutes
4/11/2018 6:02:53 PM
GetProfileEntry Breakpoint Settings Check All Docs URL
4/11/2018 6:03:50 PM
GetProfileEntry Breakpoint Settings Authorization
4/11/2018 6:03:50 PM
UpdateAppSettings Breakpoint 1
4/11/2018 6:03:50 PM
SaveConfigFile Breakpoint 1
4/11/2018 6:03:50 PM
SaveConfigFile Breakpoint 2, C:\Users\User\AppData\Local\Temp\SettingsPcr.config
4/11/2018 6:03:50 PM
SaveConfigFile Breakpoint 3, C:\Work Area\CemsMobilePcrSrv\CemsMobilePcrSrv\bin\Debug\SettingsPcr.config
4/11/2018 6:05:17 PM
GetProfileEntry Breakpoint Settings CouchUrl
4/11/2018 6:06:58 PM
GetProfileEntry Breakpoint Settings CouchUrl
4/11/2018 6:07:02 PM
GetProfileEntry Breakpoint Settings Untouched Timeout In Minutes
4/11/2018 6:07:11 PM
GetProfileEntry Breakpoint Settings Open Or Attempted Timeout In Minutes
4/11/2018 6:07:11 PM
GetProfileEntry Breakpoint Settings Check All Docs URL
4/11/2018 6:07:36 PM
GetProfileEntry Breakpoint Settings CouchUrl
4/11/2018 6:07:46 PM
GetProfileEntry Breakpoint Settings Untouched Timeout In Minutes
4/11/2018 6:07:47 PM
GetProfileEntry Breakpoint Settings Open Or Attempted Timeout In Minutes
4/11/2018 6:07:48 PM
GetProfileEntry Breakpoint Settings Check All Docs URL
4/11/2018 6:07:52 PM
GetProfileEntry Breakpoint Settings Authorization
4/11/2018 6:08:05 PM
GetProfileEntry Breakpoint Settings CouchUrl
4/11/2018 6:08:05 PM
GetProfileEntry Breakpoint Settings Authorization
4/11/2018 6:09:44 PM
GetProfileEntry Breakpoint Settings CouchUrl
4/11/2018 6:09:53 PM
GetProfileEntry Breakpoint Settings Untouched Timeout In Minutes
4/11/2018 6:09:55 PM
GetProfileEntry Breakpoint Settings Open Or Attempted Timeout In Minutes
4/11/2018 6:09:55 PM
GetProfileEntry Breakpoint Settings Check All Docs URL
4/11/2018 6:09:55 PM
GetProfileEntry Breakpoint Settings Authorization
4/11/2018 6:09:58 PM
GetProfileEntry Breakpoint Settings CouchUrl
4/11/2018 6:09:59 PM
GetProfileEntry Breakpoint Settings Authorization
4/11/2018 6:10:18 PM
GetProfileEntry Breakpoint Settings CouchUrl
4/11/2018 6:10:18 PM
GetProfileEntry Breakpoint Settings Authorization
4/11/2018 6:11:32 PM
GetProfileEntry Breakpoint Settings CouchUrl
4/11/2018 6:11:32 PM
GetProfileEntry Breakpoint Settings Authorization
4/11/2018 6:11:34 PM
GetProfileEntry Breakpoint Settings CouchUrl
4/11/2018 6:11:34 PM
GetProfileEntry Breakpoint Settings Authorization
4/11/2018 6:11:34 PM
GetProfileEntry Breakpoint Settings CouchUrl
4/11/2018 6:11:34 PM
GetProfileEntry Breakpoint Settings Authorization
4/11/2018 6:11:34 PM
GetProfileEntry Breakpoint Settings CouchUrl
4/11/2018 6:11:34 PM
GetProfileEntry Breakpoint Settings Authorization
4/11/2018 6:12:06 PM
GetProfileEntry Breakpoint Settings Untouched Timeout In Minutes
4/11/2018 6:12:06 PM
GetProfileEntry Breakpoint Settings Open Or Attempted Timeout In Minutes
4/11/2018 6:12:06 PM
GetProfileEntry Breakpoint Settings Check All Docs URL
4/11/2018 6:12:12 PM
GetProfileEntry Breakpoint Settings Authorization
4/11/2018 6:12:16 PM
GetProfileEntry Breakpoint Settings CouchUrl
4/11/2018 6:12:16 PM
GetProfileEntry Breakpoint Settings Authorization
4/11/2018 6:12:43 PM
GetProfileEntry Breakpoint Settings CouchUrl
4/11/2018 6:12:43 PM
GetProfileEntry Breakpoint Settings PostFromCouchUrl
4/11/2018 6:12:47 PM
GetProfileEntry Breakpoint Settings Authorization
4/11/2018 6:36:09 PM
GetProfileEntry Breakpoint Settings CouchUrl
4/11/2018 6:37:02 PM
GetProfileEntry Breakpoint Settings CouchUrl
