5/8/2018 6:36:06 PM
07a7b57f-0960-43d0-af3f-b7df91d2d273
5/8/2018 6:36:22 PM
62165353-05c8-4ca4-9d0b-d7b20feb32a7
5/8/2018 6:36:26 PM
9af33b96-f7d0-4128-9134-de330ce0d270
5/8/2018 6:36:26 PM
e4b77ef4-c967-4b9d-b91d-9bfb315e7708
5/8/2018 6:36:26 PM
57b87f6f-ef59-4352-aa06-a57f32667d8a
5/8/2018 6:36:26 PM
5df112c5-5252-11e8-bd67-56ce7f333890
5/8/2018 6:36:27 PM
e41bfcfb-e8a8-a8e1-6b64-90bd8fa97d7b
5/8/2018 6:36:27 PM
f58d055c-275d-470f-9855-bebf9612a715
5/8/2018 6:36:27 PM
bd4bc51a-5261-11e8-bd67-56ce7f333890
5/8/2018 6:36:28 PM
dc2b2e55-9567-4782-b2ac-7ab5c4f8ee4b
5/8/2018 6:36:28 PM
99e69d72-5262-11e8-bd67-56ce7f333890
5/8/2018 6:36:30 PM
1cc03d3a-5262-11e8-bd67-56ce7f333890
5/8/2018 6:36:32 PM
7e138f17-af0f-4580-85c8-c32defab9217
5/8/2018 6:36:32 PM
cf008934-9a95-4c54-b16f-5a5dda12d84f
5/8/2018 6:36:32 PM
e7a6b2af-a47e-4629-b1e5-7c6141433d29
5/8/2018 6:36:33 PM
c338c14e-93af-47c1-bb79-96c2d5a2bfb1
5/8/2018 6:36:34 PM
4f4632a0-fbb6-49eb-a467-71a57e3bb692
5/8/2018 6:36:35 PM
859a986d-c450-d651-9750-0ae8cb692719
5/8/2018 6:36:35 PM
64b98d49-5254-11e8-bd67-56ce7f333890
5/8/2018 6:36:36 PM
60725a5e-e191-f8ab-d4fe-b2a1531a817d
5/8/2018 6:36:37 PM
ae036244-b540-88dd-65c6-7db5a9d88471
5/8/2018 6:36:37 PM
0f4c93cb-963a-4095-b802-7d251fcaeee8
5/8/2018 6:36:38 PM
74f6ba03-939b-5f13-a019-5ad7c567c816
5/8/2018 6:36:38 PM
05346389-5263-11e8-bd67-56ce7f333890
5/8/2018 6:36:38 PM
fb76fc8f-a648-4e17-b201-55e55d667009
5/8/2018 6:36:39 PM
2fd58ba7-e3ea-c545-f4a9-2ec80a391b7d
5/8/2018 6:36:40 PM
e919c4b1-1523-2196-bfaf-84308edf12fc
5/8/2018 6:36:40 PM
12e5719d-692f-4508-9aac-29aada7c6ed0
5/8/2018 6:36:40 PM
d7ff6b7b-a757-455a-8a7f-996c8e7f03d1
5/8/2018 6:36:41 PM
e8578b79-7968-2575-5a72-fcb320685e7c
5/8/2018 6:36:43 PM
78384a83-f827-4072-965c-7fdddc93cd3b
5/8/2018 6:36:44 PM
5206d795-5f79-4819-8f12-457f1ad6bd20
5/8/2018 6:36:45 PM
040ae01f-25c3-fafa-e56b-edf85e41dd60
5/8/2018 6:36:45 PM
a7c4292c-0d66-2ed8-53ae-e4711b7cfab1
5/8/2018 6:36:45 PM
79e148d2-1ace-a149-6083-a17cd0ac92e0
5/8/2018 6:36:46 PM
f3995be1-9772-3154-11f8-b2b222c80f2b
5/8/2018 6:36:47 PM
a4335251-25dd-57e5-0c54-5ca14bd53868
5/8/2018 6:36:47 PM
33f61c13-60eb-4437-aa9e-8c8a260537f5
5/8/2018 6:36:48 PM
fc653b41-a79e-dacc-4349-f23b4755661a
5/8/2018 6:36:48 PM
c06541c7-5bb1-4042-aaec-d0661e872daa
5/8/2018 6:36:49 PM
8e90a7a5-9e9c-9158-e8ff-b59b8ab79c5a
5/8/2018 6:36:50 PM
bed80d96-a2de-04ff-02ca-3b7ed0d121d0
5/8/2018 6:36:50 PM
0fec20fa-3d73-461a-aa84-336c35aa4a1e
5/8/2018 6:36:54 PM
0c924e05-bca5-45de-b18e-f6e8eb006f58
5/8/2018 6:46:44 PM
cd22811c-6375-4343-0469-6020360dfd76
5/8/2018 6:46:44 PM
2443f715-cfa9-7b7e-7883-0e3fc5e22a76
